<?xml version="1.0" encoding="UTF-8"?>
<testsuite name="jrails.ModelTest" tests="1" skipped="0" failures="0" errors="0" timestamp="2023-11-20T18:19:00" hostname="heochang-us-MacBook-Air.local" time="0.006">
  <properties/>
  <testcase name="test1" classname="jrails.ModelTest" time="0.006"/>
  <system-out><![CDATA[




2

]]></system-out>
  <system-err><![CDATA[]]></system-err>
</testsuite>
